checkout  | {"message":"Initializing new client","severity":"info","timestamp":"2025-04-11T12:35:59.036299716Z"}
checkout  | {"message":"ClientID is the default of 'sarama', you should consider setting it to something application-specific.","severity":"info","timestamp":"2025-04-11T12:35:59.037147591Z"}
checkout  | {"message":"ClientID is the default of 'sarama', you should consider setting it to something application-specific.","severity":"info","timestamp":"2025-04-11T12:35:59.037198133Z"}
checkout  | {"message":"client/metadata fetching metadata for all topics from broker kafka:9092\n","severity":"info","timestamp":"2025-04-11T12:35:59.039354508Z"}
checkout  | {"message":"Connected to broker at kafka:9092 (unregistered)\n","severity":"info","timestamp":"2025-04-11T12:35:59.045927425Z"}
checkout  | {"message":"client/brokers registered new broker #1 at kafka:9092","severity":"info","timestamp":"2025-04-11T12:35:59.067391466Z"}
checkout  | {"message":"Successfully initialized new client","severity":"info","timestamp":"2025-04-11T12:35:59.067508841Z"}
checkout  | {"message":"service config: \u0026{productCatalogSvcAddr:product-catalog:3550 cartSvcAddr:cart:7070 currencySvcAddr:currency:7001 shippingSvcAddr:shipping:50050 emailSvcAddr:http://email:6060 paymentSvcAddr:payment:50051 kafkaBrokerSvcAddr:kafka:9092 UnimplementedCheckoutServiceServer:{} KafkaProducerClient:0x400021c100 shippingSvcClient:0x4000402030 productCatalogSvcClient:0x4000402350 cartSvcClient:0x4000402670 currencySvcClient:0x4000402990 emailSvcClient:0x4000402cb0 paymentSvcClient:0x4000402fd0}","severity":"info","timestamp":"2025-04-11T12:35:59.067947175Z"}
checkout  | {"message":"starting to listen on tcp: \"[::]:5050\"","severity":"info","timestamp":"2025-04-11T12:35:59.069136633Z"}
checkout  | {"message":"[PlaceOrder] user_id=\"9d7e2a1c-16d1-11f0-9eeb-0242ac120019\" user_currency=\"USD\"","severity":"info","timestamp":"2025-04-11T12:36:39.507327138Z"}
checkout  | {"message":"payment went through (transaction_id: 7b28d895-918c-4961-b72e-cb108aa356dc)","severity":"info","timestamp":"2025-04-11T12:36:39.610940596Z"}
checkout  | {"message":"order confirmation email sent to \"reed@example.com\"","severity":"info","timestamp":"2025-04-11T12:36:39.728697055Z"}
checkout  | {"message":"sending to postProcessor","severity":"info","timestamp":"2025-04-11T12:36:39.728720096Z"}
checkout  | {"message":"Message sent to Kafka: {orders \u003cnil\u003e [10 36 57 100 56 51 49 50 98 57 45 49 54 100 49 45 49 49 102 48 45 97 100 57 50 45 48 50 52 50 97 99 49 50 48 48 49 53 18 36 52 52 56 98 97 53 52 53 45 57 97 49 100 45 52 54 52 100 45 56 51 98 99 45 100 48 99 57 101 49 101 99 101 48 102 57 26 14 10 3 85 83 68 16 183 2 24 128 202 181 238 1 34 60 10 21 49 48 48 32 87 105 110 99 104 101 115 116 101 114 32 67 105 114 99 108 101 18 9 76 111 115 32 71 97 116 111 115 26 2 67 65 34 13 85 110 105 116 101 100 32 83 116 97 116 101 115 42 5 57 53 48 51 50 42 31 10 14 10 10 79 76 74 67 69 83 80 67 55 90 16 5 18 13 10 3 85 83 68 16 101 24 255 223 225 201 3] [{[116 114 97 99 101 112 97 114 101 110 116] [48 48 45 48 53 52 97 100 56 48 54 102 101 55 48 50 54 98 54 54 51 101 99 57 51 97 57 102 54 51 51 48 50 49 100 45 55 54 48 101 54 98 56 55 101 49 50 56 57 101 55 52 45 48 49]} {[98 97 103 103 97 103 101] [115 101 115 115 105 111 110 46 105 100 61 48 50 54 99 101 57 53 100 45 98 101 101 97 45 52 101 50 102 45 56 102 100 97 45 50 100 54 57 48 97 49 56 102 101 48 49 44 115 121 110 116 104 101 116 105 99 95 114 101 113 117 101 115 116 61 116 114 117 101]}] \u003cnil\u003e 0 0 0001-01-01 00:00:00 +0000 UTC 0 0 \u003cnil\u003e 0 0 false}","severity":"info","timestamp":"2025-04-11T12:36:39.728882346Z"}
checkout  | {"message":"ClientID is the default of 'sarama', you should consider setting it to something application-specific.","severity":"info","timestamp":"2025-04-11T12:36:39.731395555Z"}
checkout  | {"message":"client/metadata fetching metadata for [orders] from broker kafka:9092\n","severity":"info","timestamp":"2025-04-11T12:36:39.731514013Z"}
checkout  | {"message":"Connected to broker at kafka:9092 (registered as #1)\n","severity":"info","timestamp":"2025-04-11T12:36:39.733288138Z"}
checkout  | {"message":"producer/broker/1 starting up\n","severity":"info","timestamp":"2025-04-11T12:36:39.738895846Z"}
checkout  | {"message":"producer/broker/1 state change to [open] on orders/0\n","severity":"info","timestamp":"2025-04-11T12:36:39.739095263Z"}
checkout  | {"message":"Successful to write message. offset: 0, duration: 11.133166ms","severity":"info","timestamp":"2025-04-11T12:36:39.739951263Z"}
checkout  | {"message":"[PlaceOrder] user_id=\"ad2a8af0-16d1-11f0-9eeb-0242ac120019\" user_currency=\"CAD\"","severity":"info","timestamp":"2025-04-11T12:37:05.788383761Z"}
checkout  | {"message":"payment went through (transaction_id: e450bf23-794a-45e6-8b31-fbbe2484a970)","severity":"info","timestamp":"2025-04-11T12:37:05.805777511Z"}
checkout  | {"message":"order confirmation email sent to \"tobias@example.com\"","severity":"info","timestamp":"2025-04-11T12:37:05.819269011Z"}
checkout  | {"message":"sending to postProcessor","severity":"info","timestamp":"2025-04-11T12:37:05.819292511Z"}
checkout  | {"message":"Message sent to Kafka: {orders \u003cnil\u003e [10 36 97 100 50 100 52 50 52 97 45 49 54 100 49 45 49 49 102 48 45 97 100 57 50 45 48 50 52 50 97 99 49 50 48 48 49 53 18 36 55 102 102 50 48 101 98 48 45 54 100 57 102 45 52 54 52 48 45 56 53 57 53 45 102 55 97 51 102 49 102 98 102 50 98 97 26 14 10 3 67 65 68 16 250 8 24 133 230 206 130 3 34 42 10 12 49 53 48 32 69 108 103 105 110 32 83 116 18 6 79 116 116 97 119 97 26 2 79 78 34 6 67 97 110 97 100 97 42 6 75 50 80 49 76 52 42 31 10 14 10 10 72 81 84 71 87 71 80 78 72 52 16 10 18 13 10 3 67 65 68 16 1 24 190 184 239 154 1] [{[116 114 97 99 101 112 97 114 101 110 116] [48 48 45 101 53 48 57 55 98 99 102 54 98 52 51 53 57 97 99 50 54 48 56 54 52 48 101 49 50 50 102 97 54 97 49 45 49 55 99 102 97 101 54 54 54 100 56 98 51 51 52 49 45 48 49]} {[98 97 103 103 97 103 101] [115 101 115 115 105 111 110 46 105 100 61 102 102 53 99 99 98 97 57 45 54 101 98 57 45 52 102 101 50 45 98 102 49 98 45 48 53 56 48 49 98 51 50 52 52 102 56 44 115 121 110 116 104 101 116 105 99 95 114 101 113 117 101 115 116 61 116 114 117 101]}] \u003cnil\u003e 0 0 0001-01-01 00:00:00 +0000 UTC 0 0 \u003cnil\u003e 0 0 false}","severity":"info","timestamp":"2025-04-11T12:37:05.819927469Z"}
checkout  | {"message":"Successful to write message. offset: 0, duration: 1.228ms","severity":"info","timestamp":"2025-04-11T12:37:05.820552594Z"}
checkout  | {"message":"[PlaceOrder] user_id=\"b6ee970c-16d1-11f0-9eeb-0242ac120019\" user_currency=\"USD\"","severity":"info","timestamp":"2025-04-11T12:37:22.183936046Z"}
checkout  | {"message":"payment went through (transaction_id: 9678af02-86eb-4371-8d29-7fbe47ed64f9)","severity":"info","timestamp":"2025-04-11T12:37:22.19217888Z"}
checkout  | {"message":"order confirmation email sent to \"jack@example.com\"","severity":"info","timestamp":"2025-04-11T12:37:22.197342296Z"}
checkout  | {"message":"sending to postProcessor","severity":"info","timestamp":"2025-04-11T12:37:22.197359755Z"}
checkout  | {"message":"Message sent to Kafka: {orders \u003cnil\u003e [10 36 98 54 102 50 102 101 97 57 45 49 54 100 49 45 49 49 102 48 45 97 100 57 50 45 48 50 52 50 97 99 49 50 48 48 49 53 18 36 99 97 50 52 98 100 51 102 45 99 50 50 52 45 52 57 57 57 45 57 56 97 55 45 52 55 101 99 53 53 50 54 57 55 50 99 26 13 10 3 85 83 68 16 171 5 24 128 194 215 47 34 57 10 14 49 51 53 53 32 77 97 114 107 101 116 32 83 116 18 13 83 97 110 32 70 114 97 110 99 105 115 99 111 26 2 67 65 34 13 85 110 105 116 101 100 32 83 116 97 116 101 115 42 5 57 52 49 48 51 42 32 10 14 10 10 54 54 86 67 72 83 74 78 85 80 16 5 18 14 10 3 85 83 68 16 221 2 24 255 178 255 196 3 42 32 10 14 10 10 50 90 89 70 74 51 71 77 50 78 16 2 18 14 10 3 85 83 68 16 209 1 24 255 178 255 196 3 42 32 10 14 10 10 49 89 77 87 87 78 49 78 52 79 16 4 18 14 10 3 85 83 68 16 129 1 24 255 178 255 196 3] [{[116 114 97 99 101 112 97 114 101 110 116] [48 48 45 48 48 56 102 97 50 50 51 48 97 48 101 49 102 101 57 53 53 98 50 52 98 57 102 99 100 101 99 48 97 98 56 45 98 51 48 97 56 49 97 49 50 52 57 98 48 54 57 100 45 48 49]} {[98 97 103 103 97 103 101] [115 101 115 115 105 111 110 46 105 100 61 48 50 54 99 101 57 53 100 45 98 101 101 97 45 52 101 50 102 45 56 102 100 97 45 50 100 54 57 48 97 49 56 102 101 48 49 44 115 121 110 116 104 101 116 105 99 95 114 101 113 117 101 115 116 61 116 114 117 101]}] \u003cnil\u003e 0 0 0001-01-01 00:00:00 +0000 UTC 0 0 \u003cnil\u003e 0 0 false}","severity":"info","timestamp":"2025-04-11T12:37:22.197411546Z"}
checkout  | {"message":"Successful to write message. offset: 0, duration: 226.5µs","severity":"info","timestamp":"2025-04-11T12:37:22.197610588Z"}
checkout  | {"message":"[PlaceOrder] user_id=\"cb0ccf74-16d1-11f0-9eeb-0242ac120019\" user_currency=\"USD\"","severity":"info","timestamp":"2025-04-11T12:37:55.927274423Z"}
checkout  | {"message":"payment went through (transaction_id: a34610d5-751f-4078-a7f7-adea8408078c)","severity":"info","timestamp":"2025-04-11T12:37:55.944632548Z"}
checkout  | {"message":"order confirmation email sent to \"mark@example.com\"","severity":"info","timestamp":"2025-04-11T12:37:55.960472006Z"}
checkout  | {"message":"sending to postProcessor","severity":"info","timestamp":"2025-04-11T12:37:55.960527423Z"}
checkout  | {"message":"Message sent to Kafka: {orders \u003cnil\u003e [10 36 99 98 48 102 100 52 56 99 45 49 54 100 49 45 49 49 102 48 45 97 100 57 50 45 48 50 52 50 97 99 49 50 48 48 49 53 18 36 102 49 53 53 99 57 57 100 45 52 50 100 48 45 52 55 49 55 45 98 100 50 51 45 57 101 54 50 48 54 54 56 101 100 49 101 26 8 10 3 85 83 68 16 203 4 34 52 10 12 49 32 72 97 99 107 101 114 32 87 97 121 18 10 77 101 110 108 111 32 80 97 114 107 26 2 67 65 34 13 85 110 105 116 101 100 32 83 116 97 116 101 115 42 5 57 52 48 50 53 42 31 10 14 10 10 54 69 57 50 90 77 89 89 70 90 16 10 18 13 10 3 85 83 68 16 69 24 128 179 255 196 3] [{[116 114 97 99 101 112 97 114 101 110 116] [48 48 45 57 55 51 56 48 51 55 98 49 55 56 56 52 99 99 56 53 50 52 101 54 50 48 53 101 48 53 97 57 51 102 53 45 48 52 100 48 57 100 49 102 101 101 52 57 51 50 57 56 45 48 49]} {[98 97 103 103 97 103 101] [115 121 110 116 104 101 116 105 99 95 114 101 113 117 101 115 116 61 116 114 117 101 44 115 101 115 115 105 111 110 46 105 100 61 102 102 53 99 99 98 97 57 45 54 101 98 57 45 52 102 101 50 45 98 102 49 98 45 48 53 56 48 49 98 51 50 52 52 102 56]}] \u003cnil\u003e 0 0 0001-01-01 00:00:00 +0000 UTC 0 0 \u003cnil\u003e 0 0 false}","severity":"info","timestamp":"2025-04-11T12:37:55.960652923Z"}
checkout  | {"message":"Successful to write message. offset: 0, duration: 382.5µs","severity":"info","timestamp":"2025-04-11T12:37:55.96093709Z"}
