product-catalog  | time="2025-04-11T12:35:54Z" level=info msg="Loading Product Catalog..."
product-catalog  | time="2025-04-11T12:35:54Z" level=info msg="Loaded 10 products"
product-catalog  | time="2025-04-11T12:35:54Z" level=info msg="Product Catalog reload interval: 10"
product-catalog  | time="2025-04-11T12:35:54Z" level=info msg="Product Catalog gRPC server started on port: 3550"
product-catalog  | time="2025-04-11T12:36:04Z" level=info msg="Reloading Product Catalog..."
product-catalog  | time="2025-04-11T12:36:04Z" level=info msg="Loaded 10 products"
product-catalog  | time="2025-04-11T12:36:14Z" level=info msg="Reloading Product Catalog..."
product-catalog  | time="2025-04-11T12:36:15Z" level=info msg="Loaded 10 products"
product-catalog  | time="2025-04-11T12:36:24Z" level=info msg="Reloading Product Catalog..."
product-catalog  | time="2025-04-11T12:36:24Z" level=info msg="Loaded 10 products"
product-catalog  | time="2025-04-11T12:36:34Z" level=info msg="Reloading Product Catalog..."
product-catalog  | time="2025-04-11T12:36:34Z" level=info msg="Loaded 10 products"
product-catalog  | time="2025-04-11T12:36:44Z" level=info msg="Reloading Product Catalog..."
product-catalog  | time="2025-04-11T12:36:44Z" level=info msg="Loaded 10 products"
product-catalog  | time="2025-04-11T12:36:54Z" level=info msg="Reloading Product Catalog..."
product-catalog  | time="2025-04-11T12:36:54Z" level=info msg="Loaded 10 products"
product-catalog  | time="2025-04-11T12:37:04Z" level=info msg="Reloading Product Catalog..."
product-catalog  | time="2025-04-11T12:37:04Z" level=info msg="Loaded 10 products"
product-catalog  | time="2025-04-11T12:37:14Z" level=info msg="Reloading Product Catalog..."
product-catalog  | time="2025-04-11T12:37:14Z" level=info msg="Loaded 10 products"
product-catalog  | time="2025-04-11T12:37:24Z" level=info msg="Reloading Product Catalog..."
product-catalog  | time="2025-04-11T12:37:24Z" level=info msg="Loaded 10 products"
product-catalog  | time="2025-04-11T12:37:34Z" level=info msg="Reloading Product Catalog..."
product-catalog  | time="2025-04-11T12:37:34Z" level=info msg="Loaded 10 products"
product-catalog  | time="2025-04-11T12:37:44Z" level=info msg="Reloading Product Catalog..."
product-catalog  | time="2025-04-11T12:37:44Z" level=info msg="Loaded 10 products"
product-catalog  | time="2025-04-11T12:37:54Z" level=info msg="Reloading Product Catalog..."
product-catalog  | time="2025-04-11T12:37:54Z" level=info msg="Loaded 10 products"
product-catalog  | time="2025-04-11T12:38:04Z" level=info msg="Reloading Product Catalog..."
product-catalog  | time="2025-04-11T12:38:04Z" level=info msg="Loaded 10 products"
product-catalog  | time="2025-04-11T12:38:14Z" level=info msg="Reloading Product Catalog..."
product-catalog  | time="2025-04-11T12:38:14Z" level=info msg="Loaded 10 products"
product-catalog  | time="2025-04-11T12:38:24Z" level=info msg="Reloading Product Catalog..."
product-catalog  | time="2025-04-11T12:38:24Z" level=info msg="Loaded 10 products"
product-catalog  | time="2025-04-11T12:38:34Z" level=info msg="Reloading Product Catalog..."
product-catalog  | time="2025-04-11T12:38:34Z" level=info msg="Loaded 10 products"
product-catalog  | time="2025-04-11T12:38:44Z" level=info msg="Reloading Product Catalog..."
product-catalog  | time="2025-04-11T12:38:44Z" level=info msg="Loaded 10 products"
